<?xml version="1.0" encoding="UTF-8"?>
<!-- Generated by org.testng.reporters.JUnitReportReporter -->
<testsuite hostname="MIT-APJ-071" failures="0" tests="1" name="Test.Login_Test" time="14.340" errors="0" timestamp="31 Oct 2024 09:43:06 GMT" skipped="0">
  <testcase classname="Test.Login_Test" name="setup" time="14.340"/>
</testsuite> <!-- Test.Login_Test -->
